Build started 3/8/2016 12:07:43 PM.
     1>Project "M:\Personal Folder - Student\mrzinser\Artificial Intelligence\Annealing and Genetic Algorithms\Annealing and Genetic Algorithms\Annealing and Genetic Algorithms.vcxproj" on node 2 (Rebuild target(s)).
     1>ClCompile:
         C:\Program Files (x86)\Microsoft Visual Studio 11.0\VC\bin\CL.exe /c /ZI /nologo /W3 /WX- /Od /Oy- /D WIN32 /D _DEBUG /D _CONSOLE /D _UNICODE /D UNICODE /Gm /EHsc /RTC1 /MDd /GS /fp:precise /Zc:wchar_t /Zc:forScope /Fo"Debug\\" /Fd"Debug\vc110.pdb" /Gd /TP /analyze- /errorReport:prompt AandGSource.cpp
         AandGSource.cpp
     1>m:\personal folder - student\mrzinser\artificial intelligence\annealing and genetic algorithms\annealing and genetic algorithms\aandgsource.cpp(52): warning C4244: 'argument' : conversion from 'time_t' to 'unsigned int', possible loss of data
     1>m:\personal folder - student\mrzinser\artificial intelligence\annealing and genetic algorithms\annealing and genetic algorithms\aandgsource.cpp(65): warning C4018: '<' : signed/unsigned mismatch
     1>m:\personal folder - student\mrzinser\artificial intelligence\annealing and genetic algorithms\annealing and genetic algorithms\aandgsource.cpp(75): warning C4018: '<' : signed/unsigned mismatch
     1>m:\personal folder - student\mrzinser\artificial intelligence\annealing and genetic algorithms\annealing and genetic algorithms\aandgsource.cpp(97): warning C4018: '<' : signed/unsigned mismatch
     1>m:\personal folder - student\mrzinser\artificial intelligence\annealing and genetic algorithms\annealing and genetic algorithms\aandgsource.cpp(107): warning C4018: '<' : signed/unsigned mismatch
     1>m:\personal folder - student\mrzinser\artificial intelligence\annealing and genetic algorithms\annealing and genetic algorithms\aandgsource.cpp(217): warning C4018: '<' : signed/unsigned mismatch
     1>m:\personal folder - student\mrzinser\artificial intelligence\annealing and genetic algorithms\annealing and genetic algorithms\aandgsource.cpp(222): warning C4018: '<' : signed/unsigned mismatch
     1>m:\personal folder - student\mrzinser\artificial intelligence\annealing and genetic algorithms\annealing and genetic algorithms\aandgsource.cpp(232): warning C4018: '<' : signed/unsigned mismatch
     1>m:\personal folder - student\mrzinser\artificial intelligence\annealing and genetic algorithms\annealing and genetic algorithms\aandgsource.cpp(233): warning C4244: '+=' : conversion from 'double' to 'int', possible loss of data
     1>m:\personal folder - student\mrzinser\artificial intelligence\annealing and genetic algorithms\annealing and genetic algorithms\aandgsource.cpp(305): warning C4715: 'getchar' : not all control paths return a value
       Link:
         C:\Program Files (x86)\Microsoft Visual Studio 11.0\VC\bin\link.exe /ERRORREPORT:PROMPT /OUT:"M:\Personal Folder - Student\mrzinser\Artificial Intelligence\Annealing and Genetic Algorithms\Debug\Annealing and Genetic Algorithms.exe" /INCREMENTAL /NOLOGO kernel32.lib user32.lib gdi32.lib winspool.lib comdlg32.lib advapi32.lib shell32.lib ole32.lib oleaut32.lib uuid.lib odbc32.lib odbccp32.lib /MANIFEST /MANIFESTUAC:"level='asInvoker' uiAccess='false'" /manifest:embed /DEBUG /PDB:"M:\Personal Folder - Student\mrzinser\Artificial Intelligence\Annealing and Genetic Algorithms\Debug\Annealing and Genetic Algorithms.pdb" /SUBSYSTEM:CONSOLE /TLBID:1 /DYNAMICBASE /NXCOMPAT /IMPLIB:"M:\Personal Folder - Student\mrzinser\Artificial Intelligence\Annealing and Genetic Algorithms\Debug\Annealing and Genetic Algorithms.lib" /MACHINE:X86 Debug\AandGSource.obj
         Annealing and Genetic Algorithms.vcxproj -> M:\Personal Folder - Student\mrzinser\Artificial Intelligence\Annealing and Genetic Algorithms\Debug\Annealing and Genetic Algorithms.exe
     1>Done Building Project "M:\Personal Folder - Student\mrzinser\Artificial Intelligence\Annealing and Genetic Algorithms\Annealing and Genetic Algorithms\Annealing and Genetic Algorithms.vcxproj" (Rebuild target(s)).

Build succeeded.

Time Elapsed 00:00:11.49
